18:26:59 T:140598226978752  NOTICE: special://profile/ is mapped to: special://masterprofile/
18:26:59 T:140598226978752  NOTICE: -----------------------------------------------------------------------
18:26:59 T:140598226978752  NOTICE: Starting XBMC (13.0-BETA4 Git:482ccd3). Platform: x86 Linux 64-bit
18:26:59 T:140598226978752  NOTICE: Using Release XBMC x64 build, compiled Apr 19 2014 by GCC 4.8.2 for x86 Linux 64-bit 3.13.9
18:26:59 T:140598226978752  NOTICE: Running on Linux 64-bit (Ubuntu 14.04 LTS, 3.13.0-24-generic x86_64)
18:26:59 T:140598226978752  NOTICE: Host CPU: Intel(R) Celeron(R) CPU N2820 @ 2.13GHz, 2 cores available
18:26:59 T:140598226978752  NOTICE: special://xbmc/ is mapped to: /usr/share/xbmc
18:26:59 T:140598226978752  NOTICE: special://xbmcbin/ is mapped to: /usr/lib/xbmc
18:26:59 T:140598226978752  NOTICE: special://masterprofile/ is mapped to: /home/xbmc/.xbmc/userdata
18:26:59 T:140598226978752  NOTICE: special://home/ is mapped to: /home/xbmc/.xbmc
18:26:59 T:140598226978752  NOTICE: special://temp/ is mapped to: /home/xbmc/.xbmc/temp
18:26:59 T:140598226978752  NOTICE: The executable running is: /usr/lib/xbmc/xbmc.bin
18:26:59 T:140598226978752  NOTICE: Local hostname: xbmc-nuc
18:26:59 T:140598226978752  NOTICE: Log File is located: /home/xbmc/.xbmc/temp/xbmc.log
18:26:59 T:140598226978752  NOTICE: -----------------------------------------------------------------------
18:26:59 T:140598226978752  NOTICE: load settings...
18:26:59 T:140598226978752   ERROR: Unable to load libcrystalhd.so.3, reason: libcrystalhd.so.3: cannot open shared object file: No such file or directory
18:26:59 T:140598226978752  NOTICE: Found 1 Lists of Devices
18:26:59 T:140598226978752  NOTICE: Enumerated PULSE devices:
18:26:59 T:140598226978752  NOTICE:     Device 1
18:26:59 T:140598226978752  NOTICE:         m_deviceName      : Default
18:26:59 T:140598226978752  NOTICE:         m_displayName     : Default
18:26:59 T:140598226978752  NOTICE:         m_displayNameExtra: Default Output Device (PULSEAUDIO)
18:26:59 T:140598226978752  NOTICE:         m_deviceType      : AE_DEVTYPE_PCM
18:26:59 T:140598226978752  NOTICE:         m_channels        : FL,FR
18:26:59 T:140598226978752  NOTICE:         m_sampleRates     : 5512,8000,11025,16000,22050,32000,44100,48000,64000,88200,96000,176400,192000,384000
18:26:59 T:140598226978752  NOTICE:         m_dataFormats     : AE_FMT_U8,AE_FMT_S16LE,AE_FMT_S16BE,AE_FMT_S16NE,AE_FMT_S24LE3,AE_FMT_S24BE3,AE_FMT_S24NE3,AE_FMT_S24LE4,AE_FMT_S24BE4,AE_FMT_S24NE4,AE_FMT_S32BE,AE_FMT_S32LE,AE_FMT_S32NE,AE_FMT_FLOAT
18:26:59 T:140598226978752  NOTICE:     Device 2
18:26:59 T:140598226978752  NOTICE:         m_deviceName      : alsa_output.pci-0000_00_1b.0.analog-stereo
18:26:59 T:140598226978752  NOTICE:         m_displayName     : Built-in Audio Analog Stereo
18:26:59 T:140598226978752  NOTICE:         m_displayNameExtra: Headphones (PULSEAUDIO)
18:26:59 T:140598226978752  NOTICE:         m_deviceType      : AE_DEVTYPE_PCM
18:26:59 T:140598226978752  NOTICE:         m_channels        : FL,FR
18:26:59 T:140598226978752  NOTICE:         m_sampleRates     : 5512,8000,11025,16000,22050,32000,44100,48000,64000,88200,96000,176400,192000,384000
18:26:59 T:140598226978752  NOTICE:         m_dataFormats     : AE_FMT_U8,AE_FMT_S16LE,AE_FMT_S16BE,AE_FMT_S16NE,AE_FMT_S24LE3,AE_FMT_S24BE3,AE_FMT_S24NE3,AE_FMT_S24LE4,AE_FMT_S24BE4,AE_FMT_S24NE4,AE_FMT_S32BE,AE_FMT_S32LE,AE_FMT_S32NE,AE_FMT_FLOAT
18:26:59 T:140598226978752  NOTICE: No settings file to load (special://xbmc/system/advancedsettings.xml)
18:26:59 T:140598226978752  NOTICE: Loaded settings file from special://profile/advancedsettings.xml
18:26:59 T:140598226978752  NOTICE: Contents of special://profile/advancedsettings.xml are...
                                            <advancedsettings>
                                              <network>
                                                <cachemembuffersize>252420</cachemembuffersize>
                                                <curlclienttimeout>45</curlclienttimeout>
                                              </network>
                                              <gui>
                                                <algorithmdirtyregions>3</algorithmdirtyregions>
                                                <nofliptimeout>0</nofliptimeout>
                                              </gui>
                                              <videoscanner>
                                                <ignoreerrors>true</ignoreerrors>
                                              </videoscanner>
                                            </advancedsettings>
18:26:59 T:140598226978752  NOTICE: Default DVD Player: dvdplayer
18:26:59 T:140598226978752  NOTICE: Default Video Player: dvdplayer
18:26:59 T:140598226978752  NOTICE: Default Audio Player: paplayer
18:26:59 T:140598226978752  NOTICE: Disabled debug logging due to GUI setting. Level 0.
18:26:59 T:140598226978752  NOTICE: Log level changed to 0
18:26:59 T:140598226978752  NOTICE: CMediaSourceSettings: loading media sources from special://masterprofile/sources.xml
18:26:59 T:140598226978752  NOTICE: Loading player core factory settings from special://xbmc/system/playercorefactory.xml.
18:26:59 T:140598226978752  NOTICE: Loaded playercorefactory configuration
18:26:59 T:140598226978752  NOTICE: Loading player core factory settings from special://masterprofile/playercorefactory.xml.
18:26:59 T:140598226978752  NOTICE: special://masterprofile/playercorefactory.xml does not exist. Skipping.
18:26:59 T:140597765527296  NOTICE: Thread ActiveAE start, auto delete: false
18:26:59 T:140597825419008  NOTICE: Thread AESink start, auto delete: false
18:26:59 T:140598226978752  NOTICE: Running database version Addons16
18:26:59 T:140598226978752  NOTICE: ADDONS: Using repository repository.xbmc.org
18:26:59 T:140598226978752  NOTICE: ADDONS: Using repository repository.xbmc-israel
18:26:59 T:140598226978752  NOTICE: ADDONS: Using repository repository.TheWiz
18:26:59 T:140598226978752  NOTICE: ADDONS: Using repository plugin.video.xbmctorrent
18:26:59 T:140598226978752  NOTICE: ADDONS: Using repository repository.p2p-streams.xbmc
18:26:59 T:140597799429888  NOTICE: Thread PeripBusCEC start, auto delete: false
18:26:59 T:140597791037184  NOTICE: Thread PeripBusUSBUdev start, auto delete: false
18:26:59 T:140598226978752  NOTICE: Setup SDL
18:26:59 T:140598226978752  NOTICE: Checking resolution 15
18:27:00 T:140598226978752  NOTICE: Using visual 0x21
18:27:00 T:140598226978752  NOTICE: GL_VENDOR = Intel Open Source Technology Center
18:27:00 T:140598226978752  NOTICE: GL_RENDERER = Mesa DRI Intel(R) Bay Trail
18:27:00 T:140598226978752  NOTICE: GL_VERSION = 3.0 Mesa 10.1.0
18:27:00 T:140598226978752  NOTICE: GL_SHADING_LANGUAGE_VERSION = 1.30
18:27:00 T:140598226978752  NOTICE: GL_EXTENSIONS = GL_ARB_multisample GL_EXT_abgr GL_EXT_bgra GL_EXT_blend_color GL_EXT_blend_minmax GL_EXT_blend_subtract GL_EXT_copy_texture GL_EXT_polygon_offset GL_EXT_subtexture GL_EXT_texture_object GL_EXT_vertex_array GL_EXT_compiled_vertex_array GL_EXT_texture GL_EXT_texture3D GL_IBM_rasterpos_clip GL_ARB_point_parameters GL_EXT_draw_range_elements GL_EXT_packed_pixels GL_EXT_point_parameters GL_EXT_rescale_normal GL_EXT_separate_specular_color GL_EXT_texture_edge_clamp GL_SGIS_generate_mipmap GL_SGIS_texture_border_clamp GL_SGIS_texture_edge_clamp GL_SGIS_texture_lod GL_ARB_framebuffer_sRGB GL_ARB_multitexture GL_EXT_framebuffer_sRGB GL_IBM_multimode_draw_arrays GL_IBM_texture_mirrored_repeat GL_3DFX_texture_compression_FXT1 GL_ARB_texture_cube_map GL_ARB_texture_env_add GL_ARB_transpose_matrix GL_EXT_blend_func_separate GL_EXT_fog_coord GL_EXT_multi_draw_arrays GL_EXT_secondary_color GL_EXT_texture_env_add GL_EXT_texture_filter_anisotropic GL_EXT_texture_lod_bias GL_INGR_blend_func_separate GL_NV_blend_square GL_NV_light_max_exponent GL_NV_texgen_reflection GL_NV_texture_env_combine4 GL_S3_s3tc GL_SUN_multi_draw_arrays GL_ARB_texture_border_clamp GL_ARB_texture_compression GL_EXT_framebuffer_object GL_EXT_texture_compression_s3tc GL_EXT_texture_env_combine GL_EXT_texture_env_dot3 GL_MESA_window_pos GL_NV_packed_depth_stencil GL_NV_texture_rectangle GL_ARB_depth_texture GL_ARB_occlusion_query GL_ARB_shadow GL_ARB_texture_env_combine GL_ARB_texture_env_crossbar GL_ARB_texture_env_dot3 GL_ARB_texture_mirrored_repeat GL_ARB_window_pos GL_ATI_envmap_bumpmap GL_EXT_stencil_two_side GL_EXT_texture_cube_map GL_NV_depth_clamp GL_APPLE_packed_pixels GL_APPLE_vertex_array_object GL_ARB_draw_buffers GL_ARB_fragment_program GL_ARB_fragment_shader GL_ARB_shader_objects GL_ARB_vertex_program GL_ARB_vertex_shader GL_ATI_draw_buffers GL_ATI_texture_env_combine3 GL_ATI_texture_float GL_EXT_shadow_funcs GL_EXT_stencil_wrap GL_MESA_pack_invert GL_MESA_ycbcr_texture GL_NV_primitive_restart GL_ARB_depth_clamp GL_ARB_fragment_program_shadow GL_ARB_half_float_pixel GL_ARB_occlusion_query2 GL_ARB_point_sprite GL_ARB_shading_language_100 GL_ARB_sync GL_ARB_texture_non_power_of_two GL_ARB_vertex_buffer_object GL_ATI_blend_equation_separate GL_EXT_blend_equation_separate GL_OES_read_format GL_ARB_color_buffer_float GL_ARB_pixel_buffer_object GL_ARB_texture_compression_rgtc GL_ARB_texture_float GL_ARB_texture_rectangle GL_EXT_packed_float GL_EXT_pixel_buffer_object GL_EXT_texture_compression_dxt1 GL_EXT_texture_compression_rgtc GL_EXT_texture_rectangle GL_EXT_texture_sRGB GL_EXT_texture_shared_exponent GL_ARB_framebuffer_object GL_EXT_framebuffer_blit GL_EXT_framebuffer_multisample GL_EXT_packed_depth_stencil GL_APPLE_object_purgeable GL_ARB_vertex_array_object GL_ATI_separate_stencil GL_EXT_draw_buffers2 GL_EXT_draw_instanced GL_EXT_gpu_program_parameters GL_EXT_texture_array GL_EXT_texture_integer GL_EXT_texture_sRGB_decode GL_EXT_timer_query GL_OES_EGL_image GL_AMD_performance_monitor GL_ARB_copy_buffer GL_ARB_depth_buffer_float GL_ARB_draw_instanced GL_ARB_half_float_vertex GL_ARB_instanced_arrays GL_ARB_map_buffer_range GL_ARB_texture_rg GL_ARB_texture_swizzle GL_ARB_vertex_array_bgra GL_EXT_separate_shader_objects GL_EXT_texture_swizzle GL_EXT_vertex_array_bgra GL_NV_conditional_render GL_AMD_conservative_depth GL_AMD_draw_buffers_blend GL_AMD_seamless_cubemap_per_texture GL_ARB_ES2_compatibility GL_ARB_blend_func_extended GL_ARB_debug_output GL_ARB_draw_buffers_blend GL_ARB_draw_elements_base_vertex GL_ARB_explicit_attrib_location GL_ARB_fragment_coord_conventions GL_ARB_provoking_vertex GL_ARB_sample_shading GL_ARB_sampler_objects GL_ARB_seamless_cube_map GL_ARB_shader_texture_lod GL_ARB_texture_cube_map_array GL_ARB_texture_gather GL_ARB_texture_multisample GL_ARB_texture_query_lod GL_ARB_texture_rgb10_a2ui GL_ARB_uniform_buffer_object GL_ARB_vertex_type_2_10_10_10_rev GL_EXT_provoking_vertex GL_EXT_texture_snorm GL_MESA_texture_signed_rgba GL_ARB_get_program_binary GL_ARB_robustness GL_ARB_shader_bit_encoding GL_ARB_timer_query GL_ARB_transform_feedback2 GL_ARB_transform_feedback3 GL_ANGLE_texture_compression_dxt3 GL_ANGLE_texture_compression_dxt5 GL_ARB_conservative_depth GL_ARB_internalformat_query GL_ARB_map_buffer_alignment GL_ARB_shader_atomic_counters GL_ARB_shading_language_420pack GL_ARB_shading_language_packing GL_ARB_texture_storage GL_ARB_transform_feedback_instanced GL_EXT_framebuffer_multisample_blit_scaled GL_EXT_transform_feedback GL_AMD_shader_trinary_minmax GL_ARB_ES3_compatibility GL_ARB_clear_buffer_object GL_ARB_invalidate_subdata GL_ARB_texture_query_levels GL_ARB_texture_storage_multisample GL_ARB_vertex_attrib_binding GL_KHR_debug GL_ARB_texture_mirror_clamp_to_edge GL_ARB_vertex_type_10f_11f_11f_rev GL_EXT_shader_integer_mix
18:27:00 T:140598226978752  NOTICE: No Joystick name specified, loading default map
18:27:00 T:140598226978752  NOTICE: Previous line repeats 35 times.
18:27:00 T:140598226978752  NOTICE: Running database version Addons16
18:27:00 T:140598226978752  NOTICE: Running database version ViewModes6
18:27:00 T:140598226978752  NOTICE: Running database version Textures13
18:27:00 T:140598226978752  NOTICE: Running database version MyMusic46
18:27:00 T:140598226978752  NOTICE: Running database version MyVideos78
18:27:00 T:140598226978752  NOTICE: Running database version TV22
18:27:00 T:140598226978752  NOTICE: Running database version Epg7
18:27:00 T:140598226978752  NOTICE: start dvd mediatype detection
18:27:00 T:140598226978752  NOTICE: initializing playlistplayer
18:27:00 T:140598226978752  NOTICE: DONE initializing playlistplayer
18:27:00 T:140598226061056  NOTICE: Thread DetectDVDMedia start, auto delete: false
18:27:02 T:140598226978752 WARNING: JSONRPC: Could not parse type "GUI.Property.Value"
18:27:02 T:140598226978752 WARNING: JSONRPC: Could not parse type "Setting.Details.SettingList"
18:27:02 T:140597401421568  NOTICE: Thread LanguageInvoker start, auto delete: false
18:27:02 T:140597163718400  NOTICE: Previous line repeats 5 times.
18:27:02 T:140597163718400  NOTICE: Thread JobWorker start, auto delete: true
18:27:02 T:140598226978752  NOTICE: UpdateLibraries - Starting video library startup scan
18:27:02 T:140597155325696  NOTICE: Thread LanguageInvoker start, auto delete: false
18:27:02 T:140598226978752  NOTICE: Previous line repeats 1 times.
18:27:02 T:140598226978752  NOTICE: initialize done
18:27:02 T:140598226978752  NOTICE: Running the application...
18:27:02 T:140597163718400  NOTICE: PVRManager - starting up
18:27:02 T:140597121754880  NOTICE: Thread PVRManager start, auto delete: false
18:27:02 T:140597138540288  NOTICE: Thread VideoInfoScanner start, auto delete: false
18:27:02 T:140597130147584  NOTICE: Thread LanguageInvoker start, auto delete: false
18:27:02 T:140597113362176  NOTICE: Thread PVRClient start, auto delete: false
18:27:02 T:140597113362176  NOTICE: AddOnLog: PVR IPTV Simple Client: Loaded 361 channels.
18:27:02 T:140597146932992  NOTICE: -->Python Interpreter Initialized<--
18:27:02 T:140597401421568  NOTICE: -->Python Interpreter Initialized<--
18:27:02 T:140597393028864  NOTICE: -->Python Interpreter Initialized<--
18:27:02 T:140597155325696  NOTICE: -->Python Interpreter Initialized<--
18:27:02 T:140596962391808  NOTICE: -->Python Interpreter Initialized<--
18:27:02 T:140597376243456  NOTICE: -->Python Interpreter Initialized<--
18:27:02 T:140597384636160  NOTICE: -->Python Interpreter Initialized<--
18:27:02 T:140597130147584  NOTICE: -->Python Interpreter Initialized<--
18:27:02 T:140597376243456  NOTICE: RCB Service: Start
18:27:02 T:140597376243456  NOTICE: RCB Service: launch RCB on startup =
18:27:02 T:140597376243456  NOTICE: RCB Service: scrape games on startup = false
18:27:02 T:140597376243456  NOTICE: RCB Service: Done
18:27:02 T:140597155325696  NOTICE: RCB started
18:27:02 T:140597155325696  NOTICE: RCB: sys.argv = ['script.games.rom.collection.browser', 'limit=12']
18:27:02 T:140597155325696  NOTICE: RCB: param = script.games.rom.collection.browser
18:27:02 T:140597155325696  NOTICE: RCB: setting launchRCB = True
18:27:02 T:140597155325696  NOTICE: RCB: param = limit=12
18:27:02 T:140597155325696  NOTICE: RCB: setting launchRCB = False
18:27:02 T:140597155325696  NOTICE: start gatherWidgetData
18:27:02 T:140597155325696  NOTICE: RCB_INFO: Loading sqlite3 as DB engine
18:27:02 T:140597155325696  NOTICE: RCB: init log level
18:27:02 T:140597155325696  NOTICE: RCB: current log level: 2
18:27:02 T:140597155325696  NOTICE: RCB_INFO: Loading sqlite3 as DB engine
18:27:02 T:140597376243456  NOTICE: Thread LanguageInvoker start, auto delete: false
18:27:02 T:140598226978752  NOTICE: starting zeroconf publishing
18:27:02 T:140598226978752  NOTICE: Webserver: Starting...
18:27:02 T:140598226978752  NOTICE: WebServer: Started the webserver
18:27:02 T:140598226978752  NOTICE: ES: Starting event server
18:27:02 T:140596926441216  NOTICE: Thread JobWorker start, auto delete: true
18:27:02 T:140597138540288  NOTICE: VideoInfoScanner: Starting scan ..
18:27:02 T:140596811388672  NOTICE: Thread JobWorker start, auto delete: true
18:27:02 T:140597138540288 WARNING: Process directory '/media/eyal/mv6/tv/Boardwalk Empire/' does not exist - skipping scan.
18:27:02 T:140597138540288 WARNING: Process directory '/media/eyal/mv6/tv/Grey's Anatomy/' does not exist - skipping scan.
18:27:02 T:140597138540288 WARNING: Process directory '/media/eyal/mv6/tv/Modern Family/' does not exist - skipping scan.
18:27:02 T:140597138540288 WARNING: Process directory '/media/eyal/mv6/tv/Seinfeld/' does not exist - skipping scan.
18:27:02 T:140597138540288 WARNING: Process directory '/media/eyal/mv6/tv/The Americans (2013)/' does not exist - skipping scan.
18:27:03 T:140596828174080  NOTICE: Thread EventServer start, auto delete: false
18:27:03 T:140596828174080  NOTICE: ES: Starting UDP Event server on 0.0.0.0:9777
18:27:03 T:140596828174080  NOTICE: UDP: Listening on port 9777
18:27:03 T:140596819781376  NOTICE: Thread TCPServer start, auto delete: false
18:27:03 T:140597138540288  NOTICE: VideoInfoScanner: Finished scan. Scanning for video info took 00:00
18:27:03 T:140597138540288  NOTICE: Thread AlarmClock start, auto delete: false
18:27:03 T:140597376243456  NOTICE: -->Python Interpreter Initialized<--
18:27:03 T:140597130147584  NOTICE:  StorageServer Module loaded RUN
18:27:03 T:140597130147584  NOTICE: StorageClient-2.5.4 Starting server
18:27:03 T:140597130147584  NOTICE: StorageServer-2.5.4 Storage Server starting /home/xbmc/.xbmc/temp/commoncache.db
18:27:03 T:140597409814272  NOTICE: -->Python Interpreter Initialized<--
18:27:03 T:140597155325696  NOTICE: /home/xbmc/.xbmc/userdata/addon_data/script.games.rom.collection.browser/MyGames.db
18:27:03 T:140597155325696  NOTICE: RCB: No database available. Won't gather any data.
18:27:03 T:140597155325696  NOTICE: close Connection
18:27:03 T:140597155325696  NOTICE: RCB: launchRCB = False
18:27:04 T:140597155325696  NOTICE: Thread LanguageInvoker start, auto delete: false
18:27:04 T:140597146932992  NOTICE: script.tv.show.next.aired: ### TV Show - Next Aired starting background proc (6.0.7)
18:27:04 T:140597155325696  NOTICE: -->Python Interpreter Initialized<--
18:27:04 T:140598226061056  NOTICE: Thread RSSReader start, auto delete: false
18:27:05 T:140597376243456  NOTICE: Thread PVRGUIInfo start, auto delete: false
18:27:06 T:140597146932992  NOTICE: script.tv.show.next.aired: ### starting data update
18:27:09 T:140597155325696  NOTICE: Thread EPGUpdater start, auto delete: false
18:27:09 T:140597121754880  NOTICE: Start - EPG thread started
18:27:11 T:140597384636160  NOTICE: Thread FileCache start, auto delete: false
18:27:21 T:140597401421568  NOTICE: Thread JobWorker start, auto delete: true
18:27:33 T:140596779407104  NOTICE: Thread LanguageInvoker start, auto delete: false
18:27:33 T:140596779407104  NOTICE: -->Python Interpreter Initialized<--
18:27:37 T:140597155325696  NOTICE: AddOnLog: PVR IPTV Simple Client: EPG Loaded.
18:27:38 T:140598226978752  NOTICE: DVDPlayer: Opening: pvr://channels/tv/כל ערוצי הטלוויזיה/17.pvr
18:27:38 T:140598226978752 WARNING: CDVDMessageQueue(player)::Put MSGQ_NOT_INITIALIZED
18:27:38 T:140597384636160  NOTICE: Thread DVDPlayer start, auto delete: false
18:27:38 T:140597384636160  NOTICE: Creating InputStream
18:27:51 T:140597384636160  NOTICE: Creating Demuxer
18:27:51 T:140597384636160  NOTICE: Metadata:
18:27:51 T:140597384636160  NOTICE:   duration              0.00
18:27:51 T:140597384636160  NOTICE:   width                 720.00
18:27:51 T:140597384636160  NOTICE:   height                480.00
18:27:51 T:140597384636160  NOTICE:   videodatarate         0.00
18:27:51 T:140597384636160  NOTICE:   framerate             29.97
18:27:51 T:140597384636160  NOTICE:   videocodecid          7.00
18:27:51 T:140597384636160  NOTICE:   audiodatarate         62.50
18:27:51 T:140597384636160  NOTICE:   audiosamplerate       44100.00
18:27:51 T:140597384636160  NOTICE:   audiosamplesize       16.00
18:27:51 T:140597384636160  NOTICE:   stereo                TRUE
18:27:51 T:140597384636160  NOTICE:   audiocodecid          10.00
18:27:51 T:140597384636160  NOTICE:   encoder               Lavf55.12.100
18:27:51 T:140597384636160  NOTICE:   filesize              0.00
18:27:52 T:140597384636160  NOTICE: Opening video stream: 0 source: 256
18:27:52 T:140597384636160  NOTICE: Creating video codec with codec id: 28
18:27:52 T:140597384636160  NOTICE: CDVDVideoCodecFFmpeg::Open() Using codec: H.264 / AVC / MPEG-4 AVC / MPEG-4 part 10
18:27:52 T:140597384636160  NOTICE: Creating video thread
18:27:52 T:140596417128192  NOTICE: Thread DVDPlayerVideo start, auto delete: false
18:27:52 T:140597384636160  NOTICE: Opening audio stream: 1 source: 256
18:27:52 T:140597384636160  NOTICE: Finding audio codec for: 86018
18:27:52 T:140596417128192  NOTICE: running thread: video_thread
18:27:52 T:140597384636160  NOTICE: Creating audio thread
18:27:52 T:140596408735488  NOTICE: Thread DVDPlayerAudio start, auto delete: false
18:27:52 T:140596408735488  NOTICE: running thread: CDVDPlayerAudio::Process()
18:27:52 T:140596408735488  NOTICE: Creating audio stream (codec id: 86018, channels: 2, sample rate: 44100, no pass-through)
18:27:52 T:140596417128192  NOTICE: CDVDVideoCodecFFmpeg::GetFormat - Creating VDPAU(720x480)
18:27:52 T:140596417128192  NOTICE: VDPAU::Open: required extension GL_NV_vdpau_interop not found
18:27:52 T:140596417128192  NOTICE:  (VDPAU) Close
18:27:52 T:140596417128192  NOTICE: CDVDVideoCodecFFmpeg::GetFormat - Creating VDPAU(720x480)
18:27:52 T:140596417128192  NOTICE: VDPAU::Open: required extension GL_NV_vdpau_interop not found
18:27:52 T:140596417128192  NOTICE:  (VDPAU) Close
18:27:52 T:140596417128192  NOTICE:  fps: 29.970030, pwidth: 720, pheight: 480, dwidth: 720, dheight: 396
18:27:52 T:140596417128192  NOTICE: Display resolution DESKTOP : 1920x1080@ 60.00 - Full Screen (16)
18:27:52 T:140598226978752  NOTICE: Using GL_TEXTURE_2D
18:27:52 T:140598226978752  NOTICE: GL: Selecting Single Pass YUV 2 RGB shader
18:27:52 T:140598226978752  NOTICE: GL: NPOT texture support detected
18:27:52 T:140598226978752  NOTICE: GL: Using GL_ARB_pixel_buffer_object
18:28:24 T:140596811388672  NOTICE: Thread JobWorker start, auto delete: true
18:28:30 T:140597401421568  NOTICE: Thread LanguageInvoker start, auto delete: false
18:28:30 T:140597401421568  NOTICE: -->Python Interpreter Initialized<--
18:28:30 T:140597163718400  NOTICE: Thread JobWorker start, auto delete: true
18:28:32 T:140597384636160  NOTICE: Creating Demuxer
18:28:32 T:140597384636160  NOTICE: Metadata:
18:28:32 T:140597384636160  NOTICE:   Server                FilmOn Media Server
18:28:32 T:140597384636160  NOTICE:   width                 704.00
18:28:32 T:140597384636160  NOTICE:   height                480.00
18:28:32 T:140597384636160  NOTICE:   displayWidth          704.00
18:28:32 T:140597384636160  NOTICE:   displayHeight         480.00
18:28:32 T:140597384636160  NOTICE:   duration              0.00
18:28:32 T:140597384636160  NOTICE:   framerate             29.00
18:28:32 T:140597384636160  NOTICE:   fps                   29.00
18:28:32 T:140597384636160  NOTICE:   videodatarate         0.00
18:28:32 T:140597384636160  NOTICE:   videocodecid          7.00
18:28:32 T:140597384636160  NOTICE:   audiodatarate         62.00
18:28:32 T:140597384636160  NOTICE:   audiocodecid          10.00
18:28:32 T:140597384636160  NOTICE:   profile
18:28:32 T:140597384636160  NOTICE:   level
18:28:34 T:140597384636160  NOTICE: Opening video stream: 0 source: 256
18:28:34 T:140597384636160  NOTICE: Creating video codec with codec id: 28
18:28:34 T:140597384636160  NOTICE: CDVDVideoCodecFFmpeg::Open() Using codec: H.264 / AVC / MPEG-4 AVC / MPEG-4 part 10
18:28:34 T:140597384636160  NOTICE: Opening audio stream: 1 source: 256
18:28:34 T:140597384636160  NOTICE: Finding audio codec for: 86018
18:28:34 T:140596417128192  NOTICE:  fps: 29.970030, pwidth: 704, pheight: 480, dwidth: 640, dheight: 480
18:28:34 T:140596417128192  NOTICE: Display resolution DESKTOP : 1920x1080@ 60.00 - Full Screen (16)
18:28:34 T:140598226978752  NOTICE: Using GL_TEXTURE_2D
18:28:34 T:140598226978752  NOTICE: GL: Using VAAPI render method
18:28:34 T:140598226978752  NOTICE: GL: NPOT texture support detected
18:28:34 T:140598226978752  NOTICE: GL: Using GL_ARB_pixel_buffer_object
18:28:35 T:140598226978752  NOTICE: CDVDPlayer::CloseFile()
18:28:35 T:140598226978752  NOTICE: DVDPlayer: waiting for threads to exit
18:28:35 T:140597384636160  NOTICE: CDVDPlayer::OnExit()
18:28:35 T:140597384636160  NOTICE: DVDPlayer: closing audio stream
18:28:35 T:140597384636160  NOTICE: Closing audio stream
18:28:35 T:140597384636160  NOTICE: Waiting for audio thread to exit
18:28:35 T:140596408735488  NOTICE: thread end: CDVDPlayerAudio::OnExit()
18:28:35 T:140597384636160  NOTICE: Closing audio device
18:28:35 T:140597384636160  NOTICE: Deleting audio codec
18:28:35 T:140597384636160  NOTICE: DVDPlayer: closing video stream
18:28:35 T:140597384636160  NOTICE: Closing video stream
18:28:35 T:140597384636160  NOTICE: waiting for video thread to exit
18:28:35 T:140596417128192  NOTICE: thread end: video_thread
18:28:35 T:140597384636160  NOTICE: deleting video codec
18:28:35 T:140597384636160  NOTICE: CDVDPlayer::OnExit() deleting demuxer
18:28:35 T:140597384636160  NOTICE: CDVDPlayer::OnExit() deleting input stream
18:28:35 T:140598226978752  NOTICE: DVDPlayer: finished waiting
18:28:35 T:140597384636160  NOTICE: Thread LanguageInvoker start, auto delete: false
18:28:35 T:140597384636160  NOTICE: -->Python Interpreter Initialized<--
18:28:35 T:140597401421568  NOTICE: Thread JobWorker start, auto delete: true
18:28:35 T:140598226978752  NOTICE: CDVDPlayer::CloseFile()
18:28:35 T:140598226978752  NOTICE: DVDPlayer: waiting for threads to exit
18:28:35 T:140598226978752  NOTICE: DVDPlayer: finished waiting
18:28:35 T:140598226978752  NOTICE: CDVDPlayer::CloseFile()
18:28:35 T:140598226978752  NOTICE: DVDPlayer: waiting for threads to exit
18:28:35 T:140598226978752  NOTICE: DVDPlayer: finished waiting
18:28:35 T:140596417128192  NOTICE: Thread JobWorker start, auto delete: true
18:28:53 T:140598226978752  NOTICE: DVDPlayer: Opening: pvr://channels/tv/כל ערוצי הטלוויזיה/2.pvr
18:28:53 T:140598226978752 WARNING: CDVDMessageQueue(player)::Put MSGQ_NOT_INITIALIZED
18:28:53 T:140597384636160  NOTICE: Thread DVDPlayer start, auto delete: false
18:28:53 T:140597384636160  NOTICE: Creating InputStream
18:28:53 T:140597384636160  NOTICE: Creating Demuxer
18:28:55 T:140597384636160  NOTICE: Opening video stream: 1 source: 256
18:28:55 T:140597384636160  NOTICE: Creating video codec with codec id: 28
18:28:55 T:140597384636160  NOTICE: CDVDVideoCodecFFmpeg::Open() Using codec: H.264 / AVC / MPEG-4 AVC / MPEG-4 part 10
18:28:55 T:140597384636160  NOTICE: Creating video thread
18:28:55 T:140596383577856  NOTICE: Thread DVDPlayerVideo start, auto delete: false
18:28:55 T:140597384636160  NOTICE: Opening audio stream: 0 source: 256
18:28:55 T:140597384636160  NOTICE: Finding audio codec for: 86018
18:28:55 T:140597384636160  NOTICE: Creating audio thread
18:28:55 T:140596383577856  NOTICE: running thread: video_thread
18:28:55 T:140596374402816  NOTICE: Thread DVDPlayerAudio start, auto delete: false
18:28:55 T:140596374402816  NOTICE: running thread: CDVDPlayerAudio::Process()
18:28:55 T:140596374402816  NOTICE: Creating audio stream (codec id: 86018, channels: 2, sample rate: 44100, no pass-through)
18:28:55 T:140596383577856  NOTICE:  fps: 25.000000, pwidth: 960, pheight: 540, dwidth: 960, dheight: 540
18:28:55 T:140596383577856  NOTICE: Display resolution DESKTOP : 1920x1080@ 60.00 - Full Screen (16)
18:28:55 T:140598226978752  NOTICE: Using GL_TEXTURE_2D
18:28:55 T:140598226978752  NOTICE: GL: Using VAAPI render method
18:28:55 T:140598226978752  NOTICE: GL: NPOT texture support detected
18:28:55 T:140598226978752  NOTICE: GL: Using GL_ARB_pixel_buffer_object
18:28:57 T:140596291303168  NOTICE: Thread LanguageInvoker start, auto delete: false
18:28:57 T:140596291303168  NOTICE: -->Python Interpreter Initialized<--
18:29:00 T:140598226978752  NOTICE: CDVDPlayer::CloseFile()
18:29:00 T:140598226978752  NOTICE: DVDPlayer: waiting for threads to exit
18:29:00 T:140597384636160  NOTICE: CDVDPlayer::OnExit()
18:29:00 T:140597384636160  NOTICE: DVDPlayer: closing audio stream
18:29:00 T:140597384636160  NOTICE: Closing audio stream
18:29:00 T:140597384636160  NOTICE: Waiting for audio thread to exit
18:29:00 T:140596374402816  NOTICE: thread end: CDVDPlayerAudio::OnExit()
18:29:00 T:140597384636160  NOTICE: Closing audio device
18:29:00 T:140597384636160  NOTICE: Deleting audio codec
18:29:00 T:140597384636160  NOTICE: DVDPlayer: closing video stream
18:29:00 T:140597384636160  NOTICE: Closing video stream
18:29:00 T:140597384636160  NOTICE: waiting for video thread to exit
18:29:00 T:140596383577856  NOTICE: thread end: video_thread
18:29:00 T:140597384636160  NOTICE: deleting video codec
18:29:00 T:140597384636160  NOTICE: CDVDPlayer::OnExit() deleting demuxer
18:29:00 T:140597384636160  NOTICE: CDVDPlayer::OnExit() deleting input stream
18:29:00 T:140598226978752  NOTICE: DVDPlayer: finished waiting
18:29:00 T:140597384636160  NOTICE: Thread LanguageInvoker start, auto delete: false
18:29:00 T:140597384636160  NOTICE: -->Python Interpreter Initialized<--
18:29:00 T:140598226978752  NOTICE: CDVDPlayer::CloseFile()
18:29:00 T:140598226978752  NOTICE: DVDPlayer: waiting for threads to exit
18:29:00 T:140598226978752  NOTICE: DVDPlayer: finished waiting
18:29:00 T:140598226978752  NOTICE: CDVDPlayer::CloseFile()
18:29:00 T:140598226978752  NOTICE: DVDPlayer: waiting for threads to exit
18:29:00 T:140598226978752  NOTICE: DVDPlayer: finished waiting
18:29:03 T:140598226978752  NOTICE: DVDPlayer: Opening: pvr://channels/tv/כל ערוצי הטלוויזיה/3.pvr
18:29:03 T:140598226978752 WARNING: CDVDMessageQueue(player)::Put MSGQ_NOT_INITIALIZED
18:29:03 T:140597384636160  NOTICE: Thread DVDPlayer start, auto delete: false
18:29:03 T:140597384636160  NOTICE: Creating InputStream
18:29:04 T:140597384636160  NOTICE: Creating Demuxer
18:29:04 T:140597384636160  NOTICE: Metadata:
18:29:04 T:140597384636160  NOTICE:   framerate             25.00
18:29:04 T:140597384636160  NOTICE:   width                 400.00
18:29:04 T:140597384636160  NOTICE:   height                300.00
18:29:04 T:140597384636160  NOTICE:   videocodecid          avc1
18:29:04 T:140597384636160  NOTICE:   videodatarate         400.00
18:29:04 T:140597384636160  NOTICE:   videokeyframe_frequency75.00
18:29:04 T:140597384636160  NOTICE:   audiocodecid          mp4a
18:29:04 T:140597384636160  NOTICE:   audiosamplerate       22050.00
18:29:04 T:140597384636160  NOTICE:   audiochannels         2.00
18:29:04 T:140597384636160  NOTICE:   audiodatarate         40.00
18:29:04 T:140597384636160  NOTICE: Opening video stream: 0 source: 256
18:29:04 T:140597384636160  NOTICE: Creating video codec with codec id: 28
18:29:04 T:140597384636160  NOTICE: CDVDVideoCodecFFmpeg::Open() Using codec: H.264 / AVC / MPEG-4 AVC / MPEG-4 part 10
18:29:04 T:140597384636160  NOTICE: Creating video thread
18:29:04 T:140596374402816  NOTICE: Thread DVDPlayerVideo start, auto delete: false
18:29:04 T:140597384636160  NOTICE: Opening audio stream: 1 source: 256
18:29:04 T:140597384636160  NOTICE: Finding audio codec for: 86018
18:29:04 T:140597384636160  NOTICE: Creating audio thread
18:29:04 T:140596374402816  NOTICE: running thread: video_thread
18:29:04 T:140596291303168  NOTICE: Thread DVDPlayerAudio start, auto delete: false
18:29:04 T:140596291303168  NOTICE: running thread: CDVDPlayerAudio::Process()
18:29:04 T:140596291303168  NOTICE: Creating audio stream (codec id: 86018, channels: 2, sample rate: 22050, no pass-through)
18:29:04 T:140596374402816  NOTICE: CDVDVideoCodecFFmpeg::GetFormat - Creating VDPAU(400x300)
18:29:04 T:140596374402816  NOTICE: VDPAU::Open: required extension GL_NV_vdpau_interop not found
18:29:04 T:140596374402816  NOTICE:  (VDPAU) Close
18:29:04 T:140596374402816  NOTICE: CDVDVideoCodecFFmpeg::GetFormat - Creating VDPAU(400x300)
18:29:04 T:140596374402816  NOTICE: VDPAU::Open: required extension GL_NV_vdpau_interop not found
18:29:04 T:140596374402816  NOTICE:  (VDPAU) Close
18:29:04 T:140596374402816  NOTICE:  fps: 30.000000, pwidth: 400, pheight: 300, dwidth: 400, dheight: 300
18:29:04 T:140596374402816  NOTICE: Display resolution DESKTOP : 1920x1080@ 60.00 - Full Screen (16)
18:29:04 T:140598226978752  NOTICE: Using GL_TEXTURE_2D
18:29:04 T:140598226978752  NOTICE: GL: Selecting Single Pass YUV 2 RGB shader
18:29:04 T:140598226978752  NOTICE: GL: NPOT texture support detected
18:29:04 T:140598226978752  NOTICE: GL: Using GL_ARB_pixel_buffer_object
18:29:11 T:140596374402816 WARNING: CRenderManager::WaitForBuffer - timeout waiting for buffer
18:29:19 T:140598226978752 WARNING: Previous line repeats 18 times.
18:29:19 T:140598226978752  NOTICE: CDVDPlayer::CloseFile()
18:29:19 T:140598226978752  NOTICE: DVDPlayer: waiting for threads to exit
18:29:19 T:140597384636160  NOTICE: CDVDPlayer::OnExit()
18:29:19 T:140597384636160  NOTICE: DVDPlayer: closing audio stream
18:29:19 T:140597384636160  NOTICE: Closing audio stream
18:29:19 T:140597384636160  NOTICE: Waiting for audio thread to exit
18:29:19 T:140596291303168  NOTICE: thread end: CDVDPlayerAudio::OnExit()
18:29:19 T:140597384636160  NOTICE: Closing audio device
18:29:20 T:140597384636160  NOTICE: Deleting audio codec
18:29:20 T:140597384636160  NOTICE: DVDPlayer: closing video stream
18:29:20 T:140597384636160  NOTICE: Closing video stream
18:29:20 T:140597384636160  NOTICE: waiting for video thread to exit
18:29:20 T:140596374402816  NOTICE: thread end: video_thread
18:29:20 T:140597384636160  NOTICE: deleting video codec
18:29:20 T:140597384636160  NOTICE: CDVDPlayer::OnExit() deleting demuxer
18:29:20 T:140597384636160  NOTICE: CDVDPlayer::OnExit() deleting input stream
18:29:20 T:140598226978752  NOTICE: DVDPlayer: finished waiting
18:29:20 T:140598226978752  NOTICE: CDVDPlayer::CloseFile()
18:29:20 T:140598226978752  NOTICE: DVDPlayer: waiting for threads to exit
18:29:20 T:140598226978752  NOTICE: DVDPlayer: finished waiting
18:29:20 T:140598226978752  NOTICE: CDVDPlayer::CloseFile()
18:29:20 T:140598226978752  NOTICE: DVDPlayer: waiting for threads to exit
18:29:20 T:140598226978752  NOTICE: DVDPlayer: finished waiting
18:29:21 T:140597384636160  NOTICE: Thread LanguageInvoker start, auto delete: false
18:29:21 T:140597384636160  NOTICE: -->Python Interpreter Initialized<--
18:29:24 T:140598226978752  NOTICE: Storing total System Uptime
18:29:24 T:140598226978752  NOTICE: Saving settings
18:29:24 T:140598226978752  NOTICE: stop all
18:29:24 T:140598226978752  NOTICE: stop player
18:29:24 T:140598226978752  NOTICE: PVRManager - stopping
18:29:25 T:140598226978752  NOTICE: ES: Stopping event server
18:29:25 T:140598226978752  NOTICE: stopping zeroconf publishing
18:29:25 T:140598226978752  NOTICE: Webserver: Stopping...
18:29:25 T:140598226978752  NOTICE: WebServer: Stopped the webserver
18:29:25 T:140598226978752  NOTICE: Webserver: Stopped...
18:29:25 T:140596828174080  NOTICE: ES: UDP Event server stopped
18:29:25 T:140598226978752  NOTICE: stop dvd detect media
18:29:25 T:140598226978752  NOTICE: stop sap announcement listener
18:29:25 T:140598226978752  NOTICE: clean cached files!
18:29:25 T:140598226978752  NOTICE: unload skin
18:29:25 T:140598226978752 WARNING: Cleanup: Having to cleanup texture pvr_epgprogressindicator.png
18:29:25 T:140597409814272 WARNING: CPythonInvoker(0, /home/xbmc/.xbmc/addons/script.cu.lrclyrics/default.py): the python script "/home/xbmc/.xbmc/addons/script.cu.lrclyrics/default.py" has left several classes in memory that we couldn't clean up. The classes include: N14PythonBindings31XBMCAddon_xbmc_Monitor_DirectorE,N14PythonBindings30XBMCAddon_xbmc_Player_DirectorE
18:29:25 T:140597130147584  NOTICE: StorageServer-2.5.4 Closed down
18:29:25 T:140597393028864 WARNING: CPythonInvoker(2, /home/xbmc/.xbmc/addons/service.skin.widgets/default.py): the python script "/home/xbmc/.xbmc/addons/service.skin.widgets/default.py" has left several classes in memory that we couldn't clean up. The classes include: N9XBMCAddon7xbmcgui6WindowE,N14PythonBindings30XBMCAddon_xbmc_Player_DirectorE,N14PythonBindings31XBMCAddon_xbmc_Monitor_DirectorE
18:29:26 T:140597146932992  NOTICE: script.tv.show.next.aired: ### xbmc is closing -- stopping background processing
18:29:26 T:140598226978752  NOTICE: stopped
18:29:26 T:140598226978752  NOTICE: destroy
18:29:26 T:140598226978752  NOTICE: closing down remote control service
18:29:26 T:140598226978752  NOTICE: unload sections
18:29:26 T:140598226978752  NOTICE: special://profile/ is mapped to: special://masterprofile/
18:29:26 T:140598226978752  NOTICE: destroy
18:29:26 T:140598226978752 WARNING: Attempted to remove window 10013 from the window manager when it didn't exist
18:29:26 T:140598226978752 WARNING: Attempted to remove window 10014 from the window manager when it didn't exist
18:29:26 T:140598226978752 WARNING: Attempted to remove window 10015 from the window manager when it didn't exist
18:29:26 T:140598226978752 WARNING: Attempted to remove window 10016 from the window manager when it didn't exist
18:29:26 T:140598226978752 WARNING: Attempted to remove window 10017 from the window manager when it didn't exist
18:29:26 T:140598226978752 WARNING: Attempted to remove window 10018 from the window manager when it didn't exist
18:29:26 T:140598226978752 WARNING: Attempted to remove window 10019 from the window manager when it didn't exist
18:29:26 T:140598226978752 WARNING: Attempted to remove window 10021 from the window manager when it didn't exist
18:29:26 T:140598226978752 WARNING: Attempted to remove window 10107 from the window manager when it didn't exist
18:29:26 T:140598226978752 WARNING: Attempted to remove window 10115 from the window manager when it didn't exist
18:29:26 T:140598226978752 WARNING: Attempted to remove window 10104 from the window manager when it didn't exist
18:29:26 T:140598226978752  NOTICE: closing down remote control service
18:29:26 T:140598226978752  NOTICE: unload sections
18:29:26 T:140598226978752  NOTICE: application stopped...
